10:46:40.119 INFO  com.test.Log 21 info - [Thread: 1](com.test.rulecancle.RuleCancleCase)  登录到定损列表页面
10:46:41.765 INFO  com.test.Log 21 info - [Thread: 1](com.test.rulecancle.RuleCancleCase)  输入用户名：scc
10:46:41.909 INFO  com.test.Log 21 info - [Thread: 1](com.test.rulecancle.RuleCancleCase)  输入密码：1
10:46:42.012 INFO  com.test.Log 21 info - [Thread: 1](com.test.rulecancle.RuleCancleCase)  输入验证码：1
10:46:42.118 INFO  com.test.Log 21 info - [Thread: 1](com.test.rulecancle.RuleCancleCase)  点击登录按钮
10:47:00.300 INFO  com.test.Log 21 info - [Thread: 1](com.test.rulecancle.RuleCancleCase)  http://192.168.200.14:7006/web-suite/claim/estimateTaskList?base=%2Fweb-suite
10:47:00.304 INFO  com.test.Log 21 info - [Thread: 1](com.test.rulecancle.RuleCancleCase)  点击规则管理菜单
10:47:08.198 INFO  com.test.Log 21 info - [Thread: 1](com.test.rulecancle.RuleCancleCase)  等待10000ms
10:47:18.222 INFO  com.test.Log 21 info - [Thread: 1](com.test.rulecancle.RuleCancleCase)  http://192.168.200.14:7006/web-suite/sysmanagement/rules/toCompanyRulesManagement
10:47:18.223 INFO  com.test.Log 21 info - [Thread: 1](com.test.rulecancle.RuleCancleCase)  输入规则编号：0101010001
10:47:18.464 INFO  com.test.Log 21 info - [Thread: 1](com.test.rulecancle.RuleCancleCase)  点击查询按钮
10:47:23.600 INFO  com.test.Log 21 info - [Thread: 1](com.test.rulecancle.RuleCancleCase)  点击规则编号链接
10:47:28.743 INFO  com.test.Log 21 info - [Thread: 1](com.test.rulecancle.RuleCancleCase)  点击是否应用
10:47:31.932 INFO  com.test.Log 21 info - [Thread: 1](com.test.rulecancle.RuleCancleCase)  点击保存
10:47:35.370 INFO  com.test.Log 21 info - [Thread: 1](com.test.rulecancle.RuleCancleCase)  点击确定
10:47:35.508 INFO  com.test.Log 21 info - [Thread: 1](com.test.rulecancle.RuleCancleCase)  登录到定损列表页面
10:47:37.241 INFO  com.test.Log 21 info - [Thread: 1](com.test.rulecancle.RuleCancleCase)  输入用户名：scc
10:47:37.372 INFO  com.test.Log 21 info - [Thread: 1](com.test.rulecancle.RuleCancleCase)  输入密码：1
10:47:37.472 INFO  com.test.Log 21 info - [Thread: 1](com.test.rulecancle.RuleCancleCase)  输入验证码：1
10:47:37.574 INFO  com.test.Log 21 info - [Thread: 1](com.test.rulecancle.RuleCancleCase)  点击登录按钮
10:47:50.068 INFO  com.test.Log 21 info - [Thread: 1](com.test.rulecancle.RuleCancleCase)  http://192.168.200.14:7006/web-suite/claim/estimateTaskList?base=%2Fweb-suite
10:47:50.069 INFO  com.test.Log 21 info - [Thread: 1](com.test.rulecancle.RuleCancleCase)  点击规则管理菜单
10:47:55.489 INFO  com.test.Log 21 info - [Thread: 1](com.test.rulecancle.RuleCancleCase)  等待10000ms
10:48:05.498 INFO  com.test.Log 21 info - [Thread: 1](com.test.rulecancle.RuleCancleCase)  http://192.168.200.14:7006/web-suite/sysmanagement/rules/toCompanyRulesManagement
10:48:05.498 INFO  com.test.Log 21 info - [Thread: 1](com.test.rulecancle.RuleCancleCase)  输入规则编号：
10:48:05.674 INFO  com.test.Log 21 info - [Thread: 1](com.test.rulecancle.RuleCancleCase)  点击查询按钮
10:48:10.827 INFO  com.test.Log 21 info - [Thread: 1](com.test.rulecancle.RuleCancleCase)  点击规则编号链接
